# JRE version: OpenJDK Runtime Environment (8.0_242-b01) (build 1.8.0_242-release-1644-b01)
# Java VM: OpenJDK 64-Bit Server VM (25.242-b01 mixed mode windows-amd64 compressed oops)
Heap:
 PSYoungGen      total 420352K, used 58868K [0x00000000d5580000, 0x00000000f6200000, 0x0000000100000000)
  eden space 361472K, 0% used [0x00000000d5580000,0x00000000d5580000,0x00000000eb680000)
  from space 58880K, 99% used [0x00000000efd00000,0x00000000f367d070,0x00000000f3680000)
  to   space 72192K, 0% used [0x00000000eb680000,0x00000000eb680000,0x00000000efd00000)
 ParOldGen       total 193024K, used 184535K [0x0000000080000000, 0x000000008bc80000, 0x00000000d5580000)
  object space 193024K, 95% used [0x0000000080000000,0x000000008b435f38,0x000000008bc80000)
 Metaspace       used 127270K, capacity 138572K, committed 138664K, reserved 1169408K
  class space    used 16103K, capacity 18009K, committed 18096K, reserved 1048576K
GC Heap History (10 events):
Event: 21399.113 GC heap after
Heap after GC invocations=64 (full 4):
 PSYoungGen      total 470016K, used 37300K [0x00000000d5580000, 0x00000000f7280000, 0x0000000100000000)
  eden space 419840K, 0% used [0x00000000d5580000,0x00000000d5580000,0x00000000eef80000)
  from space 50176K, 74% used [0x00000000f4180000,0x00000000f65ed310,0x00000000f7280000)
  to   space 67072K, 0% used [0x00000000eef80000,0x00000000eef80000,0x00000000f3100000)
 ParOldGen       total 193024K, used 170810K [0x0000000080000000, 0x000000008bc80000, 0x00000000d5580000)
  object space 193024K, 88% used [0x0000000080000000,0x000000008a6ceab0,0x000000008bc80000)
 Metaspace       used 127100K, capacity 138308K, committed 138408K, reserved 1169408K
  class space    used 16102K, capacity 18009K, committed 18096K, reserved 1048576K
}
Event: 21513.463 GC heap before
{Heap before GC invocations=65 (full 4):
 PSYoungGen      total 470016K, used 457140K [0x00000000d5580000, 0x00000000f7280000, 0x0000000100000000)
  eden space 419840K, 100% used [0x00000000d5580000,0x00000000eef80000,0x00000000eef80000)
  from space 50176K, 74% used [0x00000000f4180000,0x00000000f65ed310,0x00000000f7280000)
  to   space 67072K, 0% used [0x00000000eef80000,0x00000000eef80000,0x00000000f3100000)
 ParOldGen       total 193024K, used 170810K [0x0000000080000000, 0x000000008bc80000, 0x00000000d5580000)
  object space 193024K, 88% used [0x0000000080000000,0x000000008a6ceab0,0x000000008bc80000)
 Metaspace       used 127182K, capacity 138436K, committed 138664K, reserved 1169408K
  class space    used 16102K, capacity 18009K, committed 18096K, reserved 1048576K
Event: 21513.488 GC heap after
Heap after GC invocations=65 (full 4):
 PSYoungGen      total 429568K, used 25524K [0x00000000d5580000, 0x00000000f5d00000, 0x0000000100000000)
  eden space 403968K, 0% used [0x00000000d5580000,0x00000000d5580000,0x00000000ee000000)
  from space 25600K, 99% used [0x00000000eef80000,0x00000000f086d378,0x00000000f0880000)
  to   space 64000K, 0% used [0x00000000f1e80000,0x00000000f1e80000,0x00000000f5d00000)
 ParOldGen       total 193024K, used 171522K [0x0000000080000000, 0x000000008bc80000, 0x00000000d5580000)
  object space 193024K, 88% used [0x0000000080000000,0x000000008a780b10,0x000000008bc80000)
 Metaspace       used 127182K, capacity 138436K, committed 138664K, reserved 1169408K
  class space    used 16102K, capacity 18009K, committed 18096K, reserved 1048576K
}
Event: 21737.906 GC heap before
{Heap before GC invocations=66 (full 4):
 PSYoungGen      total 429568K, used 429492K [0x00000000d5580000, 0x00000000f5d00000, 0x0000000100000000)
  eden space 403968K, 100% used [0x00000000d5580000,0x00000000ee000000,0x00000000ee000000)
  from space 25600K, 99% used [0x00000000eef80000,0x00000000f086d378,0x00000000f0880000)
  to   space 64000K, 0% used [0x00000000f1e80000,0x00000000f1e80000,0x00000000f5d00000)
 ParOldGen       total 193024K, used 171522K [0x0000000080000000, 0x000000008bc80000, 0x00000000d5580000)
  object space 193024K, 88% used [0x0000000080000000,0x000000008a780b10,0x000000008bc80000)
 Metaspace       used 127228K, capacity 138568K, committed 138664K, reserved 1169408K
  class space    used 16102K, capacity 18009K, committed 18096K, reserved 1048576K
Event: 21737.922 GC heap after
Heap after GC invocations=66 (full 4):
 PSYoungGen      total 433152K, used 21195K [0x00000000d5580000, 0x00000000f4980000, 0x0000000100000000)
  eden space 389120K, 0% used [0x00000000d5580000,0x00000000d5580000,0x00000000ed180000)
  from space 44032K, 48% used [0x00000000f1e80000,0x00000000f3332ee0,0x00000000f4980000)
  to   space 61440K, 0% used [0x00000000ed180000,0x00000000ed180000,0x00000000f0d80000)
 ParOldGen       total 193024K, used 171586K [0x0000000080000000, 0x000000008bc80000, 0x00000000d5580000)
  object space 193024K, 88% used [0x0000000080000000,0x000000008a790b10,0x000000008bc80000)
 Metaspace       used 127228K, capacity 138568K, committed 138664K, reserved 1169408K
  class space    used 16102K, capacity 18009K, committed 18096K, reserved 1048576K
}
Event: 22060.735 GC heap before
{Heap before GC invocations=67 (full 4):
 PSYoungGen      total 433152K, used 410315K [0x00000000d5580000, 0x00000000f4980000, 0x0000000100000000)
  eden space 389120K, 100% used [0x00000000d5580000,0x00000000ed180000,0x00000000ed180000)
  from space 44032K, 48% used [0x00000000f1e80000,0x00000000f3332ee0,0x00000000f4980000)
  to   space 61440K, 0% used [0x00000000ed180000,0x00000000ed180000,0x00000000f0d80000)
 ParOldGen       total 193024K, used 171586K [0x0000000080000000, 0x000000008bc80000, 0x00000000d5580000)
  object space 193024K, 88% used [0x0000000080000000,0x000000008a790b10,0x000000008bc80000)
 Metaspace       used 127249K, capacity 138572K, committed 138664K, reserved 1169408K
  class space    used 16103K, capacity 18009K, committed 18096K, reserved 1048576K
Event: 22060.763 GC heap after
Heap after GC invocations=67 (full 4):
 PSYoungGen      total 397824K, used 22748K [0x00000000d5580000, 0x00000000f3680000, 0x0000000100000000)
  eden space 374784K, 0% used [0x00000000d5580000,0x00000000d5580000,0x00000000ec380000)
  from space 23040K, 98% used [0x00000000ed180000,0x00000000ee7b73a8,0x00000000ee800000)
  to   space 58880K, 0% used [0x00000000efd00000,0x00000000efd00000,0x00000000f3680000)
 ParOldGen       total 193024K, used 171754K [0x0000000080000000, 0x000000008bc80000, 0x00000000d5580000)
  object space 193024K, 88% used [0x0000000080000000,0x000000008a7bab10,0x000000008bc80000)
 Metaspace       used 127249K, capacity 138572K, committed 138664K, reserved 1169408K
  class space    used 16103K, capacity 18009K, committed 18096K, reserved 1048576K
}
Event: 22062.447 GC heap before
{Heap before GC invocations=68 (full 4):
 PSYoungGen      total 397824K, used 397532K [0x00000000d5580000, 0x00000000f3680000, 0x0000000100000000)
  eden space 374784K, 100% used [0x00000000d5580000,0x00000000ec380000,0x00000000ec380000)
  from space 23040K, 98% used [0x00000000ed180000,0x00000000ee7b73a8,0x00000000ee800000)
  to   space 58880K, 0% used [0x00000000efd00000,0x00000000efd00000,0x00000000f3680000)
 ParOldGen       total 193024K, used 171754K [0x0000000080000000, 0x000000008bc80000, 0x00000000d5580000)
  object space 193024K, 88% used [0x0000000080000000,0x000000008a7bab10,0x000000008bc80000)
 Metaspace       used 127270K, capacity 138572K, committed 138664K, reserved 1169408K
  class space    used 16103K, capacity 18009K, committed 18096K, reserved 1048576K
Event: 22062.499 GC heap after
Heap after GC invocations=68 (full 4):
 PSYoungGen      total 420352K, used 58868K [0x00000000d5580000, 0x00000000f6200000, 0x0000000100000000)
  eden space 361472K, 0% used [0x00000000d5580000,0x00000000d5580000,0x00000000eb680000)
  from space 58880K, 99% used [0x00000000efd00000,0x00000000f367d070,0x00000000f3680000)
  to   space 72192K, 0% used [0x00000000eb680000,0x00000000eb680000,0x00000000efd00000)
 ParOldGen       total 193024K, used 184535K [0x0000000080000000, 0x000000008bc80000, 0x00000000d5580000)
  object space 193024K, 95% used [0x0000000080000000,0x000000008b435f38,0x000000008bc80000)
 Metaspace       used 127270K, capacity 138572K, committed 138664K, reserved 1169408K
  class space    used 16103K, capacity 18009K, committed 18096K, reserved 1048576K
}
Event: 22062.499 GC heap before
{Heap before GC invocations=69 (full 5):
 PSYoungGen      total 420352K, used 58868K [0x00000000d5580000, 0x00000000f6200000, 0x0000000100000000)
  eden space 361472K, 0% used [0x00000000d5580000,0x00000000d5580000,0x00000000eb680000)
  from space 58880K, 99% used [0x00000000efd00000,0x00000000f367d070,0x00000000f3680000)
  to   space 72192K, 0% used [0x00000000eb680000,0x00000000eb680000,0x00000000efd00000)
 ParOldGen       total 193024K, used 184535K [0x0000000080000000, 0x000000008bc80000, 0x00000000d5580000)
  object space 193024K, 95% used [0x0000000080000000,0x000000008b435f38,0x000000008bc80000)
 Metaspace       used 127270K, capacity 138572K, committed 138664K, reserved 1169408K
  class space    used 16103K, capacity 18009K, committed 18096K, reserved 1048576K

